<?xml version="1.0" encoding="UTF-8"?>
<testng-results ignored="0" total="1" passed="1" failed="0" skipped="0">
  <reporter-output>
  </reporter-output>
  <suite started-at="2020-12-01T08:49:24 IST" name="Default suite" finished-at="2020-12-01T08:49:42 IST" duration-ms="18109">
    <groups>
    </groups>
    <test started-at="2020-12-01T08:49:24 IST" name="Default test" finished-at="2020-12-01T08:49:42 IST" duration-ms="18109">
      <class name="SeleniumBootstrap.Assignments.dragAndDrop">
        <test-method is-config="true" signature="setup()[pri:0, instance:SeleniumBootstrap.Assignments.dragAndDrop@3aefe5e5]" started-at="2020-12-01T08:49:24 IST" name="setup" finished-at="2020-12-01T08:49:40 IST" duration-ms="15850" status="PASS">
          <reporter-output>
          </reporter-output>
        </test-method> <!-- setup -->
        <test-method signature="test()[pri:0, instance:SeleniumBootstrap.Assignments.dragAndDrop@3aefe5e5]" started-at="2020-12-01T08:49:40 IST" name="test" finished-at="2020-12-01T08:49:40 IST" duration-ms="515" status="PASS">
          <reporter-output>
          </reporter-output>
        </test-method> <!-- test -->
        <test-method is-config="true" signature="tearDown()[pri:0, instance:SeleniumBootstrap.Assignments.dragAndDrop@3aefe5e5]" started-at="2020-12-01T08:49:40 IST" name="tearDown" finished-at="2020-12-01T08:49:42 IST" duration-ms="1670" status="PASS">
          <reporter-output>
          </reporter-output>
        </test-method> <!-- tearDown -->
      </class> <!-- SeleniumBootstrap.Assignments.dragAndDrop -->
    </test> <!-- Default test -->
  </suite> <!-- Default suite -->
</testng-results>
